2025-02-01 10:33:43,727 - logger - ERROR - Unexpected error: string indices must be integers
2025-02-01 10:34:09,621 - logger - ERROR - Unexpected error: string indices must be integers
2025-02-01 10:36:36,336 - logger - ERROR - Unexpected error: string indices must be integers
2025-02-01 10:38:46,830 - logger - ERROR - Unexpected error: string indices must be integers
2025-02-01 11:10:28,557 - logger - ERROR - Unexpected error: string indices must be integers
2025-02-01 11:11:20,425 - logger - ERROR - Unexpected error: string indices must be integers
2025-02-01 11:11:42,314 - logger - ERROR - Unexpected error: string indices must be integers
2025-02-01 13:27:38,589 - logger - ERROR - Unexpected error: replace() argument 2 must be str, not int
2025-02-01 13:35:13,427 - logger - ERROR - Error reading template file: [Errno 2] No such file or directory: 'C:\\Users\\magnu\\source\\repos\\homedata/container/huepod/details.xml'
2025-02-01 13:35:13,429 - logger - ERROR - Unexpected error: local variable 'template' referenced before assignment
2025-02-01 13:36:25,238 - logger - ERROR - Error reading template file: [Errno 2] No such file or directory: 'C:\\Users\\magnu\\source\\repos\\homedata/container/huepod/details.xml'
2025-02-01 13:36:25,239 - logger - ERROR - Unexpected error: local variable 'template' referenced before assignment
2025-02-02 06:33:36,451 - logger - ERROR - Unexpected error: name 'light_sens_no' is not defined
2025-02-02 06:40:01,364 - logger - ERROR - Unexpected error: name 'get_template' is not defined
2025-02-02 06:41:25,720 - logger - ERROR - Error reading template file: [Errno 2] No such file or directory: 'C:/container/huepod/detailes.xml'
2025-02-02 06:41:25,721 - logger - ERROR - Unexpected error: local variable 'template' referenced before assignment
2025-02-02 06:44:56,897 - logger - ERROR - Error reading template file: [Errno 2] No such file or directory: 'C:/container/huepod/detail.xml'
2025-02-02 06:44:56,898 - logger - ERROR - Unexpected error: local variable 'template' referenced before assignment
2025-02-02 07:41:12,866 - logger - ERROR - Unexpected error: create_detail() missing 1 required positional argument: 'template_file'
2025-02-02 07:41:57,726 - logger - ERROR - Unexpected error: create_detail() missing 1 required positional argument: 'template_file'
