2024-12-29 12:58:19,612 - sensor_logger - ERROR - Error updating template file: [Errno 2] No such file or directory: '/mnt/ramdisk/details.xml'
2024-12-29 12:59:56,257 - sensor_logger - ERROR - Error updating template file: [Errno 2] No such file or directory: '/mnt/ramdisk/details.xml'
2024-12-29 13:06:42,283 - sensor_logger - ERROR - Error updating template file: [Errno 2] No such file or directory: '/mnt/ramdisk/details.xml'
2024-12-29 13:09:49,049 - sensor_logger - ERROR - Error updating template file: [Errno 2] No such file or directory: '/mnt/ramdisk/details.xml'
2024-12-29 13:10:57,858 - sensor_logger - ERROR - Unexpected error: list index out of range
2024-12-29 13:11:34,194 - sensor_logger - ERROR - Error updating template file: [Errno 2] No such file or directory: '/mnt/ramdisk/details.xml'
2024-12-29 13:12:49,677 - sensor_logger - ERROR - Error updating template file: [Errno 2] No such file or directory: '/mnt/ramdisk/details.xml'
2024-12-29 13:14:08,732 - sensor_logger - ERROR - Error updating template file: [Errno 2] No such file or directory: '/mnt/ramdisk/details.xml'
2024-12-29 13:21:20,483 - sensor_logger - ERROR - Unexpected error: too many values to unpack (expected 2)
2024-12-29 13:23:27,164 - sensor_logger - ERROR - Unexpected error: name 'wind_speed' is not defined
2024-12-29 13:44:35,282 - sensor_logger - ERROR - Error updating template file: [Errno 2] No such file or directory: '/mnt/ramdisk/details.xml'
2024-12-29 13:47:50,605 - sensor_logger - ERROR - Error updating template file: [Errno 2] No such file or directory: '/mnt/ramdisk/details.xml'
2024-12-29 13:51:39,813 - sensor_logger - ERROR - Error updating template file: [Errno 2] No such file or directory: '/mnt/ramdisk/details.xml'
2024-12-29 13:53:39,547 - sensor_logger - ERROR - Error updating template file: [Errno 2] No such file or directory: '/mnt/ramdisk/details.xml'
2024-12-29 13:54:39,605 - sensor_logger - ERROR - Error updating template file: [Errno 2] No such file or directory: '/mnt/ramdisk/details.xml'
2024-12-29 13:55:39,665 - sensor_logger - ERROR - Error updating template file: [Errno 2] No such file or directory: '/mnt/ramdisk/details.xml'
2024-12-29 13:59:23,639 - sensor_logger - ERROR - Error updating template file: [Errno 2] No such file or directory: '/mnt/ramdisk/details.xml'
2024-12-29 14:02:43,537 - sensor_logger - ERROR - Error updating template file: [Errno 2] No such file or directory: '/mnt/ramdisk/details.xml'
2024-12-29 14:04:33,607 - sensor_logger - ERROR - Error updating template file: [Errno 2] No such file or directory: '/mnt/ramdisk/details.xml'
2024-12-29 14:14:46,839 - sensor_logger - ERROR - Error updating template file: [Errno 2] No such file or directory: '/mnt/ramdisk/details.xml'
2024-12-29 14:14:46,839 - sensor_logger - ERROR - Unexpected error: name 'updated_data' is not defined
2024-12-29 14:16:31,721 - sensor_logger - ERROR - Error updating template file: [Errno 2] No such file or directory: '/mnt/ramdisk/details.xml'
2024-12-29 14:16:31,721 - sensor_logger - ERROR - Unexpected error: name 'updated_data' is not defined
2024-12-29 14:17:03,839 - sensor_logger - ERROR - Error updating template file: [Errno 2] No such file or directory: '/mnt/ramdisk/details.xml'
2024-12-29 14:17:03,839 - sensor_logger - ERROR - Unexpected error: I/O operation on closed file.
2024-12-29 14:19:09,646 - sensor_logger - ERROR - Error updating template file: [Errno 2] No such file or directory: '/mnt/ramdisk/details.xml'
